<?xml version="1.0" encoding="UTF-8"?>
<testng-results ignored="0" total="1" passed="1" failed="0" skipped="0">
  <reporter-output>
  </reporter-output>
  <suite started-at="2025-06-05T17:19:26 IST" name="Suite" finished-at="2025-06-05T17:19:49 IST" duration-ms="23286">
    <groups>
    </groups>
    <test started-at="2025-06-05T17:19:26 IST" name="Test" finished-at="2025-06-05T17:19:49 IST" duration-ms="23286">
      <class name="testCases.TC_001_LoginTest">
        <test-method is-config="true" signature="setup(java.lang.String,java.lang.String)[pri:0, instance:testCases.TC_001_LoginTest@65fb9ffc]" started-at="2025-06-05T17:19:26 IST" name="setup" finished-at="2025-06-05T17:19:32 IST" duration-ms="5770" status="PASS">
          <params>
            <param index="0">
              <value>
                <![CDATA[Windows]]>
              </value>
            </param>
            <param index="1">
              <value>
                <![CDATA[chrome]]>
              </value>
            </param>
          </params>
          <reporter-output>
          </reporter-output>
        </test-method> <!-- setup -->
        <test-method signature="testLogin()[pri:0, instance:testCases.TC_001_LoginTest@65fb9ffc]" started-at="2025-06-05T17:19:32 IST" name="testLogin" finished-at="2025-06-05T17:19:49 IST" duration-ms="17256" status="PASS">
          <reporter-output>
          </reporter-output>
        </test-method> <!-- testLogin -->
        <test-method is-config="true" signature="tearDown()[pri:0, instance:testCases.TC_001_LoginTest@65fb9ffc]" started-at="2025-06-05T17:19:49 IST" name="tearDown" finished-at="2025-06-05T17:19:49 IST" duration-ms="2" status="PASS">
          <reporter-output>
          </reporter-output>
        </test-method> <!-- tearDown -->
      </class> <!-- testCases.TC_001_LoginTest -->
    </test> <!-- Test -->
  </suite> <!-- Suite -->
</testng-results>
